


ARM Macro Assembler    Page 1 


    1 00000000         ; Print.s
    2 00000000         ; Student names: Summer Gregurek and Zachary Susskind
    3 00000000         ; Last modification date: 4/13/16
    4 00000000         ; Runs on LM4F120 or TM4C123
    5 00000000         ; EE319K lab 7 device driver for any LCD
    6 00000000         ;
    7 00000000         ; As part of Lab 7, students need to implement these LCD
                       _OutDec and LCD_OutFix
    8 00000000         ; This driver assumes two low-level LCD functions
    9 00000000         ; ST7735_OutChar   outputs a single 8-bit ASCII characte
                       r
   10 00000000         ; ST7735_OutString outputs a null-terminated string 
   11 00000000         
   12 00000000                 IMPORT           ST7735_OutChar
   13 00000000                 IMPORT           ST7735_OutString
   14 00000000                 EXPORT           LCD_OutDec
   15 00000000                 EXPORT           LCD_OutFix
   16 00000000         
   17 00000000                 AREA             |.text|, CODE, READONLY, ALIGN=
2
   18 00000000                 THUMB
   19 00000000         
   20 00000000         
   21 00000000         
   22 00000000         ;-----------------------LCD_OutDec----------------------
                       -
   23 00000000         ; Output a 32-bit number in unsigned decimal format
   24 00000000         ; Input: R0 (call by value) 32-bit unsigned number
   25 00000000         ; Output: none
   26 00000000         ; Invariables: This function must not permanently modify
                        registers R4 to R11
   27 00000000         LCD_OutDec
   28 00000000 B501            PUSH             {R0, LR}
   29 00000002 F04F 0C01       MOV              R12, #1
   30 00000006         ;handles the number of output digits needed
   31 00000006         ;also handles the number of zeros needed to avoid null c
                       haracter error
   32 00000006         outSet
   33 00000006 4956            LDR              R1, =1000000000
   34 00000008 4288            CMP              R0, R1
   35 0000000A D220            BHS              bOut
   36 0000000C 4955            LDR              R1, =100000000
   37 0000000E 4288            CMP              R0, R1
   38 00000010 D220            BHS              hmOut
   39 00000012 4955            LDR              R1, =10000000
   40 00000014 4288            CMP              R0, R1
   41 00000016 D220            BHS              tmOut
   42 00000018 4954            LDR              R1, =1000000
   43 0000001A 4288            CMP              R0, R1
   44 0000001C D220            BHS              mOut
   45 0000001E 4954            LDR              R1, =100000
   46 00000020 4288            CMP              R0, R1
   47 00000022 D220            BHS              htOut
   48 00000024 F242 7110       LDR              R1, =10000
   49 00000028 4288            CMP              R0, R1
   50 0000002A D21F            BHS              ttOut
   51 0000002C F44F 717A       LDR              R1, =1000
   52 00000030 4288            CMP              R0, R1
   53 00000032 D21E            BHS              thOut



ARM Macro Assembler    Page 2 


   54 00000034 F04F 0164       LDR              R1, =100
   55 00000038 4288            CMP              R0, R1
   56 0000003A D21D            BHS              hOut
   57 0000003C F04F 010A       LDR              R1, =10
   58 00000040 4288            CMP              R0, R1
   59 00000042 D21C            BHS              tOut
   60 00000044 F04F 0101       LDR              R1, =1
   61 00000048 4288            CMP              R0, R1
   62 0000004A D21B            BHS              oOut
   63 0000004C E02D            B                finOut
   64 0000004E         bOut
   65 0000004E F04F 0C09       MOV              R12, #9
   66 00000052 E01A            B                nOut
   67 00000054         hmOut
   68 00000054 F04F 0C08       MOV              R12, #8
   69 00000058 E017            B                nOut
   70 0000005A         tmOut
   71 0000005A F04F 0C07       MOV              R12, #7
   72 0000005E E014            B                nOut
   73 00000060         mOut
   74 00000060 F04F 0C06       MOV              R12, #6
   75 00000064 E011            B                nOut
   76 00000066         htOut
   77 00000066 F04F 0C05       MOV              R12, #5
   78 0000006A E00E            B                nOut
   79 0000006C         ttOut
   80 0000006C F04F 0C04       MOV              R12, #4
   81 00000070 E00B            B                nOut
   82 00000072         thOut
   83 00000072 F04F 0C03       MOV              R12, #3
   84 00000076 E008            B                nOut
   85 00000078         hOut
   86 00000078 F04F 0C02       MOV              R12, #2
   87 0000007C E005            B                nOut
   88 0000007E         tOut
   89 0000007E F04F 0C01       MOV              R12, #1
   90 00000082 E002            B                nOut
   91 00000084         oOut
   92 00000084 F04F 0C00       MOV              R12, #0
   93 00000088 E7FF            B                nOut
   94 0000008A         nOut
   95 0000008A 4602            MOV              R2, R0
   96 0000008C FBB2 F2F1       UDIV             R2, R1
   97 00000090 FB02 F301       MUL              R3, R2, R1
   98 00000094 EBA0 0003       SUB              R0, R3
   99 00000098 F04F 0130       LDR              R1, =0x30
  100 0000009C B403            PUSH             {R0, R1}
  101 0000009E EB01 0002       ADD              R0, R1, R2
  102 000000A2 F7FF FFFE       BL               ST7735_OutChar
  103 000000A6 BC03            POP              {R0, R1}
  104 000000A8 E7AD            B                outSet
  105 000000AA         finOut
  106 000000AA F1BC 0F00       CMP              R12, #0
  107 000000AE D006            BEQ              finOutEnd
  108 000000B0 F04F 0030       MOV              R0, #0x30
  109 000000B4 F7FF FFFE       BL               ST7735_OutChar
  110 000000B8 F1AC 0C01       SUB              R12, #1
  111 000000BC E7F5            B                finOut
  112 000000BE         finOutEnd



ARM Macro Assembler    Page 3 


  113 000000BE BD01            POP              {R0, PC}
  114 000000C0         ;* * * * * * * * End of LCD_OutDec * * * * * * * *
  115 000000C0         
  116 000000C0         ; -----------------------LCD _OutFix--------------------
                       --
  117 000000C0         ; Output characters to LCD display in fixed-point format
                       
  118 000000C0         ; unsigned decimal, resolution 0.001, range 0.000 to 9.9
                       99
  119 000000C0         ; Inputs:  R0 is an unsigned 32-bit number
  120 000000C0         ; Outputs: none
  121 000000C0         ; E.g., R0=0,    then output "0.000 "
  122 000000C0         ;       R0=3,    then output "0.003 "
  123 000000C0         ;       R0=89,   then output "0.089 "
  124 000000C0         ;       R0=123,  then output "0.123 "
  125 000000C0         ;       R0=9999, then output "9.999 "
  126 000000C0         ;       R0>9999, then output "*.*** "
  127 000000C0         ; Invariables: This function must not permanently modify
                        registers R4 to R11
  128 000000C0         LCD_OutFix
  129 000000C0 B501            PUSH             {R0, LR}
  130 000000C2 F242 710F       LDR              R1, =9999
  131 000000C6 4288            CMP              R0, R1
  132 000000C8 D835            BHI              errorOut
  133 000000CA F44F 737A       MOV              R3, #1000
  134 000000CE FBB0 F1F3       UDIV             R1, R0, R3
  135 000000D2 FB01 F203       MUL              R2, R1, R3
  136 000000D6 EBA0 0002       SUB              R0, R2
  137 000000DA B403            PUSH             {R0, R1}
  138 000000DC 4608            MOV              R0, R1
  139 000000DE F100 0030       ADD              R0, #0x30
  140 000000E2 F7FF FFFE       BL               ST7735_OutChar
  141 000000E6 F04F 002E       MOV              R0, #0x2E   ;the period
  142 000000EA F7FF FFFE       BL               ST7735_OutChar
  143 000000EE BC03            POP              {R0, R1}
  144 000000F0 F04F 0364       MOV              R3, #100
  145 000000F4 FBB0 F1F3       UDIV             R1, R0, R3
  146 000000F8 FB01 F203       MUL              R2, R1, R3
  147 000000FC EBA0 0002       SUB              R0, R2
  148 00000100 B403            PUSH             {R0, R1}
  149 00000102 4608            MOV              R0, R1
  150 00000104 F100 0030       ADD              R0, #0x30
  151 00000108 F7FF FFFE       BL               ST7735_OutChar
  152 0000010C BC03            POP              {R0, R1}
  153 0000010E F04F 030A       MOV              R3, #10
  154 00000112 FBB0 F1F3       UDIV             R1, R0, R3
  155 00000116 FB01 F203       MUL              R2, R1, R3
  156 0000011A EBA0 0002       SUB              R0, R2
  157 0000011E B403            PUSH             {R0, R1}
  158 00000120 4608            MOV              R0, R1
  159 00000122 F100 0030       ADD              R0, #0x30
  160 00000126 F7FF FFFE       BL               ST7735_OutChar
  161 0000012A BC03            POP              {R0, R1}
  162 0000012C F100 0030       ADD              R0, #0x30
  163 00000130 F7FF FFFE       BL               ST7735_OutChar
  164 00000134 BD01            POP              {R0, PC}
  165 00000136         errorOut
  166 00000136         ;prints asterisk, followed by period and then 3 more ast
                       erisks



ARM Macro Assembler    Page 4 


  167 00000136 F04F 002A       MOV              R0, #0x2A
  168 0000013A F7FF FFFE       BL               ST7735_OutChar
  169 0000013E F04F 002E       MOV              R0, #0x2E
  170 00000142 F7FF FFFE       BL               ST7735_OutChar
  171 00000146 F04F 002A       MOV              R0, #0x2A
  172 0000014A F7FF FFFE       BL               ST7735_OutChar
  173 0000014E F04F 002A       MOV              R0, #0x2A
  174 00000152 F7FF FFFE       BL               ST7735_OutChar
  175 00000156 F04F 002A       MOV              R0, #0x2A
  176 0000015A F7FF FFFE       BL               ST7735_OutChar
  177 0000015E BD01            POP              {R0, PC}
  178 00000160                 ALIGN
  179 00000160         ;* * * * * * * * End of LCD_OutFix * * * * * * * *
  180 00000160         
  181 00000160                 ALIGN                        ; make sure the end
                                                             of this section is
                                                             aligned
  182 00000160                 END                          ; end of file
              3B9ACA00 
              05F5E100 
              00989680 
              000F4240 
              000186A0 
Command Line: --debug --xref --cpu=Cortex-M4 --apcs=interwork --depend=.\print.
d -o.\print.o -IC:\Keil\ARM\RV31\INC -IC:\Keil\ARM\CMSIS\Include -IC:\Keil\ARM\
Inc\Luminary --list=.\print.lst Print.s



ARM Macro Assembler    Page 1 Alphabetic symbol ordering
Relocatable symbols

.text 00000000

Symbol: .text
   Definitions
      At line 17 in file Print.s
   Uses
      None
Comment: .text unused
LCD_OutDec 00000000

Symbol: LCD_OutDec
   Definitions
      At line 27 in file Print.s
   Uses
      At line 14 in file Print.s
Comment: LCD_OutDec used once
LCD_OutFix 000000C0

Symbol: LCD_OutFix
   Definitions
      At line 128 in file Print.s
   Uses
      At line 15 in file Print.s
Comment: LCD_OutFix used once
bOut 0000004E

Symbol: bOut
   Definitions
      At line 64 in file Print.s
   Uses
      At line 35 in file Print.s
Comment: bOut used once
errorOut 00000136

Symbol: errorOut
   Definitions
      At line 165 in file Print.s
   Uses
      At line 132 in file Print.s
Comment: errorOut used once
finOut 000000AA

Symbol: finOut
   Definitions
      At line 105 in file Print.s
   Uses
      At line 63 in file Print.s
      At line 111 in file Print.s

finOutEnd 000000BE

Symbol: finOutEnd
   Definitions
      At line 112 in file Print.s
   Uses
      At line 107 in file Print.s
Comment: finOutEnd used once
hOut 00000078




ARM Macro Assembler    Page 2 Alphabetic symbol ordering
Relocatable symbols

Symbol: hOut
   Definitions
      At line 85 in file Print.s
   Uses
      At line 56 in file Print.s
Comment: hOut used once
hmOut 00000054

Symbol: hmOut
   Definitions
      At line 67 in file Print.s
   Uses
      At line 38 in file Print.s
Comment: hmOut used once
htOut 00000066

Symbol: htOut
   Definitions
      At line 76 in file Print.s
   Uses
      At line 47 in file Print.s
Comment: htOut used once
mOut 00000060

Symbol: mOut
   Definitions
      At line 73 in file Print.s
   Uses
      At line 44 in file Print.s
Comment: mOut used once
nOut 0000008A

Symbol: nOut
   Definitions
      At line 94 in file Print.s
   Uses
      At line 66 in file Print.s
      At line 69 in file Print.s
      At line 72 in file Print.s
      At line 75 in file Print.s
      At line 78 in file Print.s
      At line 81 in file Print.s
      At line 84 in file Print.s
      At line 87 in file Print.s
      At line 90 in file Print.s
      At line 93 in file Print.s

oOut 00000084

Symbol: oOut
   Definitions
      At line 91 in file Print.s
   Uses
      At line 62 in file Print.s
Comment: oOut used once
outSet 00000006

Symbol: outSet
   Definitions



ARM Macro Assembler    Page 3 Alphabetic symbol ordering
Relocatable symbols

      At line 32 in file Print.s
   Uses
      At line 104 in file Print.s
Comment: outSet used once
tOut 0000007E

Symbol: tOut
   Definitions
      At line 88 in file Print.s
   Uses
      At line 59 in file Print.s
Comment: tOut used once
thOut 00000072

Symbol: thOut
   Definitions
      At line 82 in file Print.s
   Uses
      At line 53 in file Print.s
Comment: thOut used once
tmOut 0000005A

Symbol: tmOut
   Definitions
      At line 70 in file Print.s
   Uses
      At line 41 in file Print.s
Comment: tmOut used once
ttOut 0000006C

Symbol: ttOut
   Definitions
      At line 79 in file Print.s
   Uses
      At line 50 in file Print.s
Comment: ttOut used once
18 symbols



ARM Macro Assembler    Page 1 Alphabetic symbol ordering
External symbols

ST7735_OutChar 00000000

Symbol: ST7735_OutChar
   Definitions
      At line 12 in file Print.s
   Uses
      At line 102 in file Print.s
      At line 109 in file Print.s
      At line 140 in file Print.s
      At line 142 in file Print.s
      At line 151 in file Print.s
      At line 160 in file Print.s
      At line 163 in file Print.s
      At line 168 in file Print.s
      At line 170 in file Print.s
      At line 172 in file Print.s
      At line 174 in file Print.s
      At line 176 in file Print.s

ST7735_OutString 00000000

Symbol: ST7735_OutString
   Definitions
      At line 13 in file Print.s
   Uses
      None
Comment: ST7735_OutString unused
2 symbols
352 symbols in table
